================================================================================
算法整理日志 — 雷达降水定量反演QPE
================================================================================
整理日期   : 2026-07-13
算法代号   : qpe
仓库目录   : 00temp/radar_qpe_retrieval/
整理阶段   : NIMM 标准化目录结构整理
贡献人     : 郭云谦、王亭波
原始来源   : D:\workspace\pyart_nimm\qpe（原包名 `qpe`）
================================================================================

一、目录映射（原 → 现）
--------------------------------------------------------------------------------
  核心算法             → src/qpe.py（QPEPlugin、EstimateRainRate*、est_rain_rate_*）
  内部工具             → src/utils/_freq.py（A-R、KDP-R 频率关系系数）
  模块工具             → utils/utils.py（meteva_base 网格数据校验与输出封装）
  插件基类             → utils/base_plugin.py（PostProcessingPlugin 本地提供）
  CLI              → cli/qpe.py（QPE 统一入口）
  CLI 辅助           → cli/cinrad_meb.py、cli/cinrad_pyart_prep.py（CINRAD 读数与网格预处理）
  文档               → docs/qpe.md、docs/雷达降水定量反演QPE.md
  notebook         → nbs/qpe.ipynb
  测试               → test/test_qpe.py、test/test_qpe_cli.py、test/test_qpe_plugin.py
  整理清单         → NIMM_list.md（本目录）
  整理中间数据     → 00temp/qpe/
  整理过程日志     → 00log/qpe_整理_20260713.log

二、本次已完成
--------------------------------------------------------------------------------
  [x] 自 pyart_nimm/qpe 同步 src/、utils/、cli/、test/、docs/、nbs/
  [x] 导入路径统一为中间目录模块名 radar_qpe_retrieval
  [x] 移除旧中间目录中 echo_class 及 utils 下 cinrad 等已迁出文件
  [x] cinrad 相关辅助脚本保留在 cli/（与 improver 源目录一致）
  [x] 建立算法内 00log/、00temp/、NIMM_list.md、.gitignore
  [x] 未同步 test_data/（源目录无 test_data，历史样例独立管理）
  [x] 自 pyart_nimm/qpe 重新同步 docs/qpe.md，并统一中间目录模块路径（2026-07-17）

三、仍存在问题 — 需人工补充
--------------------------------------------------------------------------------
  [ ] 入库路径：补充至 NIMM/01obs_adustment/ 时需调整为仓库正式包路径
  [ ] PostProcessingPlugin：正式入库时评估是否改为仓库统一基类
  [ ] test_data：体量大，CLI 测试依赖 cli_input 样例，正式入库前筛选必要样例
  [ ] resource/：当前为空，正式补充时确认是否保留

四、验证记录
--------------------------------------------------------------------------------
  [x] 整理人在原代码目录（`D:\workspace\pyart_nimm\qpe`）下已运行全部测试用例，全部通过（2026-07-13）
  [x] 含 test_qpe.py、test_qpe_cli.py、test_qpe_plugin.py
  [x] 中间目录 pytest：32 passed, 6 skipped（2026-07-13；跳过项为未同步 test_data 的 CLI 用例）

五、导入路径说明
--------------------------------------------------------------------------------
  中间目录 Python import 已统一为模块名 `radar_qpe_retrieval`。
  补充至 NIMM/01obs_adustment/ 时需再调整为仓库正式包路径。
  源码文件名（如 qpe.py）保留原包名，未改算法逻辑。

================================================================================
