================================================================================
算法整理日志 — 邻域(nbhood)处理及概率生成
================================================================================
整理日期   : 2026-07-09
算法代号   : nbhood
仓库目录   : 00temp/neighbourhood_probability_processing/
整理阶段   : NIMM 标准化目录结构整理
贡献人     : 郭云谦、王亭波
原始来源   : D:\workspace\improver\nbhood（原 improver 包名 `nbhood`）
================================================================================

一、目录映射（原 → 现）
--------------------------------------------------------------------------------
  核心算法             → src/nbhood.py（NeighbourhoodProcessing、GeneratePercentilesFromANeighbourhood）
  掩码邻域             → src/use_nbhood.py（ApplyNeighbourhoodProcessingWithAMask）
  内部工具             → src/utils/（_grid、_helpers、_kernels、_regrid）
  模块工具             → utils/utils.py（meteva_base 网格数据校验与输出封装）
  插件基类             → utils/base_plugin.py（BasePlugin 本地提供）
  CLI I/O            → cli/io.py（掩码/权重 nc 读取）
  CLI              → cli/ens_nbhood.py（邻域概率与百分位）
  CLI              → cli/ens_nbhood_iterate_with_mask.py（分层掩码迭代）
  CLI              → cli/ens_nbhood_land_and_sea.py（陆海/地形带分区）
  文档               → docs/nbhood.md、docs/use_nbhood.md、docs/neighbourhood_probability_processing.md
  notebook         → nbs/nbhood.ipynb、nbs/use_nbhood.ipynb
  测试               → test/test_nbhood.py、test/test_use_nbhood.py
  整理清单         → NIMM_list.md（本目录）
  整理中间数据     → 00temp/nbhood/
  整理过程日志     → 00log/nbhood_整理_20260709.log

二、本次已完成
--------------------------------------------------------------------------------
  [x] 自 improver/nbhood 同步 src/（含 src/utils/）、utils/、cli/、test/、docs/、nbs/
  [x] 导入路径统一为中间目录模块名 neighbourhood_probability_processing
  [x] 移除已废弃的 src/meta_nbhood_utils.py（功能已拆至 src/utils/_helpers 等）
  [x] 新增 cli/io.py；核心插件已继承 BasePlugin
  [x] 建立算法内 00log/、00temp/、NIMM_list.md、.gitignore
  [x] 未同步 test_data/（体量大，独立管理）
  [x] improver 原代码目录下全部 pytest 用例已通过（2026-07-09，整理人复验）

三、仍存在问题 — 需人工补充
--------------------------------------------------------------------------------
  [ ] 入库路径：补充至 NIMM/07probability/ 时需调整为仓库正式包路径
  [ ] BasePlugin：正式入库时评估是否改为仓库统一基类
  [ ] test_data：体量大且含 CLI 输出结果，正式入库前筛选必要样例
  [ ] resource/：当前为空，正式补充时确认是否保留

四、验证记录
--------------------------------------------------------------------------------
  [x] 整理人在 improver 原代码目录（`D:\workspace\improver\nbhood`）下已运行全部测试用例，全部通过（2026-07-09）
  [x] 含 test_nbhood.py、test_use_nbhood.py 单元测试

五、导入路径说明
--------------------------------------------------------------------------------
  中间目录 Python import 已统一为模块名 `neighbourhood_probability_processing`。
  补充至 NIMM/07probability/ 时需再调整为仓库正式包路径。
  源码文件名（如 nbhood.py）保留 improver 原名，未改算法逻辑。

================================================================================
