================================================================================
算法整理日志
================================================================================
算法名称    :
整理批次    : YYYYMMDD-001
开始时间    : YYYY-MM-DD HH:MM
结束时间    :
操作人      :
================================================================================

【1. 原始来源】
- 来源路径/服务器:
- 原始版本/分支:

【2. 整理步骤记录】
[ ] 代码拷贝与目录规划
[ ] 依赖与配置梳理（ini / 数据路径）
[ ] 模块拆分（src / utils / cli）
[ ] 命令行入口
[ ] 单元测试 / 试跑验证
[ ] 文档与 NIMM_list.md 更新

【3. 迁入仓库目录对照】
| 功能           | 正式路径 |
|----------------|----------|
| 主程序         |          |
| 插件/算法      |          |
| 工具模块       |          |
| 配置与资源     |          |
| 检验           |          |
| 命令行         |          |

【4. 试跑记录】
- 试跑时次:
- 试跑命令:
- 结果摘要:

【5. 仍存在问题 — 需人工补充】  ★ 必填
| 序号 | 目录/文件 | 问题描述 | 优先级 | 负责人 | 状态 |
|------|-----------|----------|--------|--------|------|
| 1    |           |          | 高/中/低 |        | 待处理 |
| 2    |           |          |        |        |      |

【6. 备注】


================================================================================
日志结束
================================================================================
