================================================================================
算法整理日志 — 风降尺度(地形)
================================================================================
整理日期   : 2026-07-06
算法代号   : wind_downscaling
仓库目录   : 00temp/orographic_wind_downscaling/
整理阶段   : NIMM 标准化目录结构整理
贡献人     : 郭云谦、王亭波
原始来源   : D:\workspace\improver\wind_calculations（原 improver 包名 `wind_calculations`）
================================================================================

一、目录映射（原 → 现）
--------------------------------------------------------------------------------
  核心算法             → src/wind_downscaling.py（FrictionVelocity、RoughnessCorrectionUtilities、RoughnessCorrection）
  模块工具             → utils/utils.py（meteva_base 网格数据校验与输出封装）
  插件基类             → utils/base_plugin.py（BasePlugin 本地提供）
  CLI              → cli/dsc_wind_downscaling.py（风速降尺度示例调度）
  文档               → docs/wind_downscaling.md、docs/orographic_wind_downscaling.md（算法说明）
  notebook         → nbs/official_data_wind_calculations.ipynb（官方样例验证）
  测试               → test/test_friction_velocity.py、test/test_official_wind_downscaling.py 等（单元测试与官方样例）
  整理清单         → NIMM_list.md（本目录）
  整理中间数据     → 00temp/wind_downscaling/
  整理过程日志     → 00log/wind_downscaling_整理_20260706.log

二、本次已完成
--------------------------------------------------------------------------------
  [x] 自 improver/wind_calculations 同步 src/、utils/、cli/、test/、docs/、nbs/
  [x] 导入路径由 wind_calculations 统一改为 orographic_wind_downscaling
  [x] RoughnessCorrection 已继承 BasePlugin
  [x] 建立算法内 00log/、00temp/、NIMM_list.md、.gitignore
  [x] improver 原代码目录下全部 pytest 用例已通过（2026-07-06，整理人复验）

三、仍存在问题 — 需人工补充
--------------------------------------------------------------------------------
  [ ] 入库路径：补充至 NIMM/00space_downscale/ 时需调整为仓库正式包路径
  [ ] BasePlugin：正式入库时评估是否改为仓库统一基类
  [ ] test_data：含临时命名文件，正式入库前筛选必要样例
  [ ] resource/：当前为空，正式补充时确认是否保留

四、验证记录
--------------------------------------------------------------------------------
  [x] 整理人在 improver 原代码目录（`D:\workspace\improver\wind_calculations`）下已运行全部测试用例，全部通过（2026-07-06）
  [x] 含单元测试与官方样例对照测试

五、导入路径说明
--------------------------------------------------------------------------------
  中间目录 Python import 已统一为模块名 `orographic_wind_downscaling`。
  补充至 NIMM/00space_downscale/ 时需再调整为仓库正式包路径。
  源码文件名（如 orographic_enhancement.py）保留 improver 原名，未改算法逻辑。

================================================================================
